<?xml version="1.0" encoding="UTF-8"?>
<export version="D">
  <design>
    <source>/home/kelvin/src/ism-915mhz-transceiver/pcb/discrete/test-mixer/test-mixer.sch</source>
    <date>Tue 17 Dec 2019 11:15:21 PM EST</date>
    <tool>Eeschema 5.1.5-52549c5~84~ubuntu19.10.1</tool>
    <sheet number="1" name="/" tstamps="/">
      <title_block>
        <title/>
        <company/>
        <rev/>
        <date/>
        <source>test-mixer.sch</source>
        <comment number="1" value=""/>
        <comment number="2" value=""/>
        <comment number="3" value=""/>
        <comment number="4" value=""/>
      </title_block>
    </sheet>
  </design>
  <components>
    <comp ref="U1">
      <value>ADF4360-7BCPZ</value>
      <footprint>discrete_footprints:Analog_CP-24-14</footprint>
      <fields>
        <field name="Mouser">584-ADF4360-7BCPZR7</field>
      </fields>
      <libsource lib="discrete-parts" part="ADF4360-7BCPZ" description=""/>
      <sheetpath names="/" tstamps="/"/>
      <tstamp>5DA76432</tstamp>
    </comp>
    <comp ref="U2">
      <value>BAT15-099R</value>
      <footprint>discrete_footprints:NXP_SOT143B</footprint>
      <fields>
        <field name="Mouser">726-BAT15099RE6327</field>
      </fields>
      <libsource lib="discrete-parts" part="BAT15-099R" description=""/>
      <sheetpath names="/" tstamps="/"/>
      <tstamp>5DA76B26</tstamp>
    </comp>
    <comp ref="T2">
      <value>HHM17147A1</value>
      <footprint>discrete_footprints:TDK_HHM17147A1</footprint>
      <fields>
        <field name="Mouser">810-HHM17147A1</field>
      </fields>
      <libsource lib="discrete-parts" part="HHM17147A1" description="Signal Conditioning Multilyer Balun 673-2700MHz 100 ohms"/>
      <sheetpath names="/" tstamps="/"/>
      <tstamp>5DA9CA7F</tstamp>
    </comp>
    <comp ref="J3">
      <value>SMA</value>
      <footprint>discrete_footprints:142-0701-801-with-taper</footprint>
      <datasheet> ~</datasheet>
      <fields>
        <field name="Mouser"> 530-142-0701-801 </field>
      </fields>
      <libsource lib="Connector" part="Conn_Coaxial" description="coaxial connector (BNC, SMA, SMB, SMC, Cinch/RCA, ...)"/>
      <sheetpath names="/" tstamps="/"/>
      <tstamp>5DAA7992</tstamp>
    </comp>
    <comp ref="L6">
      <value>TBD</value>
      <footprint>Capacitor_SMD:C_0402_1005Metric</footprint>
      <datasheet>~</datasheet>
      <fields>
        <field name="Mouser">NoPart</field>
      </fields>
      <libsource lib="Device" part="L_Small" description="Inductor, small symbol"/>
      <sheetpath names="/" tstamps="/"/>
      <tstamp>5DAA893F</tstamp>
    </comp>
    <comp ref="L11">
      <value>TBD</value>
      <footprint>Capacitor_SMD:C_0402_1005Metric</footprint>
      <datasheet>~</datasheet>
      <fields>
        <field name="Mouser">NoPart</field>
      </fields>
      <libsource lib="Device" part="L_Small" description="Inductor, small symbol"/>
      <sheetpath names="/" tstamps="/"/>
      <tstamp>5DAA8E28</tstamp>
    </comp>
    <comp ref="L7">
      <value>TBD</value>
      <footprint>Capacitor_SMD:C_0402_1005Metric</footprint>
      <datasheet>~</datasheet>
      <fields>
        <field name="Mouser">NoPart</field>
      </fields>
      <libsource lib="Device" part="L_Small" description="Inductor, small symbol"/>
      <sheetpath names="/" tstamps="/"/>
      <tstamp>5DAABB32</tstamp>
    </comp>
    <comp ref="L12">
      <value>TBD</value>
      <footprint>Capacitor_SMD:C_0402_1005Metric</footprint>
      <datasheet>~</datasheet>
      <fields>
        <field name="Mouser">NoPart</field>
      </fields>
      <libsource lib="Device" part="L_Small" description="Inductor, small symbol"/>
      <sheetpath names="/" tstamps="/"/>
      <tstamp>5DAABB38</tstamp>
    </comp>
    <comp ref="C16">
      <value>TBD</value>
      <footprint>Capacitor_SMD:C_0402_1005Metric</footprint>
      <datasheet>~</datasheet>
      <fields>
        <field name="Mouser">NoPart</field>
      </fields>
      <libsource lib="Device" part="C_Small" description="Unpolarized capacitor, small symbol"/>
      <sheetpath names="/" tstamps="/"/>
      <tstamp>5DAABDFD</tstamp>
    </comp>
    <comp ref="L4">
      <value>TBD</value>
      <footprint>Capacitor_SMD:C_0402_1005Metric</footprint>
      <datasheet>~</datasheet>
      <fields>
        <field name="Mouser">NoPart</field>
      </fields>
      <libsource lib="Device" part="L_Small" description="Inductor, small symbol"/>
      <sheetpath names="/" tstamps="/"/>
      <tstamp>5DAAE687</tstamp>
    </comp>
    <comp ref="L9">
      <value>TBD</value>
      <footprint>Capacitor_SMD:C_0402_1005Metric</footprint>
      <datasheet>~</datasheet>
      <fields>
        <field name="Mouser">NoPart</field>
      </fields>
      <libsource lib="Device" part="L_Small" description="Inductor, small symbol"/>
      <sheetpath names="/" tstamps="/"/>
      <tstamp>5DAAE68D</tstamp>
    </comp>
    <comp ref="L5">
      <value>TBD</value>
      <footprint>Capacitor_SMD:C_0402_1005Metric</footprint>
      <datasheet>~</datasheet>
      <fields>
        <field name="Mouser">NoPart</field>
      </fields>
      <libsource lib="Device" part="L_Small" description="Inductor, small symbol"/>
      <sheetpath names="/" tstamps="/"/>
      <tstamp>5DAAE693</tstamp>
    </comp>
    <comp ref="L10">
      <value>TBD</value>
      <footprint>Capacitor_SMD:C_0402_1005Metric</footprint>
      <datasheet>~</datasheet>
      <fields>
        <field name="Mouser">NoPart</field>
      </fields>
      <libsource lib="Device" part="L_Small" description="Inductor, small symbol"/>
      <sheetpath names="/" tstamps="/"/>
      <tstamp>5DAAE699</tstamp>
    </comp>
    <comp ref="C15">
      <value>TBD</value>
      <footprint>Capacitor_SMD:C_0402_1005Metric</footprint>
      <datasheet>~</datasheet>
      <fields>
        <field name="Mouser">NoPart</field>
      </fields>
      <libsource lib="Device" part="C_Small" description="Unpolarized capacitor, small symbol"/>
      <sheetpath names="/" tstamps="/"/>
      <tstamp>5DAAE69F</tstamp>
    </comp>
    <comp ref="J2">
      <value>UFL</value>
      <footprint>discrete_footprints:2337019-1</footprint>
      <datasheet> ~</datasheet>
      <fields>
        <field name="Mouser">571-2337019-1</field>
      </fields>
      <libsource lib="Connector" part="Conn_Coaxial" description="coaxial connector (BNC, SMA, SMB, SMC, Cinch/RCA, ...)"/>
      <sheetpath names="/" tstamps="/"/>
      <tstamp>5DAAED29</tstamp>
    </comp>
    <comp ref="J1">
      <value>UFL</value>
      <footprint>discrete_footprints:2337019-1</footprint>
      <datasheet> ~</datasheet>
      <fields>
        <field name="Mouser">571-2337019-1</field>
      </fields>
      <libsource lib="Connector" part="Conn_Coaxial" description="coaxial connector (BNC, SMA, SMB, SMC, Cinch/RCA, ...)"/>
      <sheetpath names="/" tstamps="/"/>
      <tstamp>5DAAF3A2</tstamp>
    </comp>
    <comp ref="L14">
      <value>1 uH</value>
      <footprint>Capacitor_SMD:C_0402_1005Metric</footprint>
      <datasheet>~</datasheet>
      <fields>
        <field name="Mouser">815-AIML-0402-1R0KT</field>
      </fields>
      <libsource lib="Device" part="L_Small" description="Inductor, small symbol"/>
      <sheetpath names="/" tstamps="/"/>
      <tstamp>5DAB3F4D</tstamp>
    </comp>
    <comp ref="L15">
      <value>1 uH</value>
      <footprint>Capacitor_SMD:C_0402_1005Metric</footprint>
      <datasheet>~</datasheet>
      <fields>
        <field name="Mouser">815-AIML-0402-1R0KT</field>
      </fields>
      <libsource lib="Device" part="L_Small" description="Inductor, small symbol"/>
      <sheetpath names="/" tstamps="/"/>
      <tstamp>5DAB475E</tstamp>
    </comp>
    <comp ref="C14">
      <value>3.9 pF</value>
      <footprint>Capacitor_SMD:C_0402_1005Metric</footprint>
      <datasheet>~</datasheet>
      <fields>
        <field name="Mouser">81-GJM1555C1H3R9CB1D</field>
      </fields>
      <libsource lib="Device" part="C_Small" description="Unpolarized capacitor, small symbol"/>
      <sheetpath names="/" tstamps="/"/>
      <tstamp>5DAB5B64</tstamp>
    </comp>
    <comp ref="C17">
      <value>3.9 pF</value>
      <footprint>Capacitor_SMD:C_0402_1005Metric</footprint>
      <datasheet>~</datasheet>
      <fields>
        <field name="Mouser">81-GJM1555C1H3R9CB1D</field>
      </fields>
      <libsource lib="Device" part="C_Small" description="Unpolarized capacitor, small symbol"/>
      <sheetpath names="/" tstamps="/"/>
      <tstamp>5DAB6156</tstamp>
    </comp>
    <comp ref="L13">
      <value>1 uH</value>
      <footprint>Capacitor_SMD:C_0402_1005Metric</footprint>
      <datasheet>~</datasheet>
      <fields>
        <field name="Mouser">815-AIML-0402-1R0KT</field>
      </fields>
      <libsource lib="Device" part="L_Small" description="Inductor, small symbol"/>
      <sheetpath names="/" tstamps="/"/>
      <tstamp>5DABBD52</tstamp>
    </comp>
    <comp ref="T1">
      <value>HHM17147A1</value>
      <footprint>discrete_footprints:TDK_HHM17147A1</footprint>
      <fields>
        <field name="Mouser">810-HHM17147A1</field>
      </fields>
      <libsource lib="discrete-parts" part="HHM17147A1" description="Signal Conditioning Multilyer Balun 673-2700MHz 100 ohms"/>
      <sheetpath names="/" tstamps="/"/>
      <tstamp>5DAED799</tstamp>
    </comp>
    <comp ref="L3">
      <value>7.5 nH</value>
      <footprint>Capacitor_SMD:C_0402_1005Metric</footprint>
      <datasheet>~</datasheet>
      <fields>
        <field name="Mouser">81-LQG15HN7N5J02D</field>
      </fields>
      <libsource lib="Device" part="L_Small" description="Inductor, small symbol"/>
      <sheetpath names="/" tstamps="/"/>
      <tstamp>5DB13627</tstamp>
    </comp>
    <comp ref="L8">
      <value>7.5 nH</value>
      <footprint>Capacitor_SMD:C_0402_1005Metric</footprint>
      <datasheet>~</datasheet>
      <fields>
        <field name="Mouser">81-LQG15HN7N5J02D</field>
      </fields>
      <libsource lib="Device" part="L_Small" description="Inductor, small symbol"/>
      <sheetpath names="/" tstamps="/"/>
      <tstamp>5DB1362D</tstamp>
    </comp>
    <comp ref="L1">
      <value>47 nH</value>
      <footprint>Capacitor_SMD:C_0402_1005Metric</footprint>
      <datasheet>~</datasheet>
      <fields>
        <field name="Mouser">81-LQG15HZ47NJ02D</field>
      </fields>
      <libsource lib="Device" part="L_Small" description="Inductor, small symbol"/>
      <sheetpath names="/" tstamps="/"/>
      <tstamp>5DB27752</tstamp>
    </comp>
    <comp ref="L2">
      <value>47 nH</value>
      <footprint>Capacitor_SMD:C_0402_1005Metric</footprint>
      <datasheet>~</datasheet>
      <fields>
        <field name="Mouser">81-LQG15HZ47NJ02D</field>
      </fields>
      <libsource lib="Device" part="L_Small" description="Inductor, small symbol"/>
      <sheetpath names="/" tstamps="/"/>
      <tstamp>5DB27ECD</tstamp>
    </comp>
    <comp ref="J5">
      <value>Conn_01x01</value>
      <footprint>Connector_PinSocket_2.54mm:PinSocket_1x01_P2.54mm_Vertical</footprint>
      <datasheet>~</datasheet>
      <fields>
        <field name="Mouser">NoPart</field>
      </fields>
      <libsource lib="Connector_Generic" part="Conn_01x01" description="Generic connector, single row, 01x01, script generated (kicad-library-utils/schlib/autogen/connector/)"/>
      <sheetpath names="/" tstamps="/"/>
      <tstamp>5DB426C7</tstamp>
    </comp>
    <comp ref="J6">
      <value>Conn_01x01</value>
      <footprint>Connector_PinSocket_2.54mm:PinSocket_1x01_P2.54mm_Vertical</footprint>
      <datasheet>~</datasheet>
      <fields>
        <field name="Mouser">NoPart</field>
      </fields>
      <libsource lib="Connector_Generic" part="Conn_01x01" description="Generic connector, single row, 01x01, script generated (kicad-library-utils/schlib/autogen/connector/)"/>
      <sheetpath names="/" tstamps="/"/>
      <tstamp>5DB4627F</tstamp>
    </comp>
    <comp ref="C18">
      <value>27 pF</value>
      <footprint>Capacitor_SMD:C_0603_1608Metric_Pad1.05x0.95mm_HandSolder</footprint>
      <datasheet>~</datasheet>
      <fields>
        <field name="Mouser">80-C0603C270K5G</field>
      </fields>
      <libsource lib="Device" part="C_Small" description="Unpolarized capacitor, small symbol"/>
      <sheetpath names="/" tstamps="/"/>
      <tstamp>5DB52FB3</tstamp>
    </comp>
    <comp ref="C20">
      <value>360 pF</value>
      <footprint>Capacitor_SMD:C_0402_1005Metric</footprint>
      <datasheet>~</datasheet>
      <fields>
        <field name="Mouser">963-UMK105CH361JVHF</field>
      </fields>
      <libsource lib="Device" part="C_Small" description="Unpolarized capacitor, small symbol"/>
      <sheetpath names="/" tstamps="/"/>
      <tstamp>5DB558F4</tstamp>
    </comp>
    <comp ref="R14">
      <value>12k R</value>
      <footprint>Resistor_SMD:R_0603_1608Metric_Pad1.05x0.95mm_HandSolder</footprint>
      <datasheet>~</datasheet>
      <fields>
        <field name="Mouser">652-CR0603FX-1202ELF</field>
      </fields>
      <libsource lib="Device" part="R_Small" description="Resistor, small symbol"/>
      <sheetpath names="/" tstamps="/"/>
      <tstamp>5DB57A56</tstamp>
    </comp>
    <comp ref="R13">
      <value>27k R</value>
      <footprint>Resistor_SMD:R_0603_1608Metric_Pad1.05x0.95mm_HandSolder</footprint>
      <datasheet>~</datasheet>
      <fields>
        <field name="Mouser">603-RC0603FR-1027KL</field>
      </fields>
      <libsource lib="Device" part="R_Small" description="Resistor, small symbol"/>
      <sheetpath names="/" tstamps="/"/>
      <tstamp>5DB57FA5</tstamp>
    </comp>
    <comp ref="C19">
      <value>12 pF</value>
      <footprint>Capacitor_SMD:C_0805_2012Metric_Pad1.15x1.40mm_HandSolder</footprint>
      <datasheet>~</datasheet>
      <fields>
        <field name="Mouser">80-C0805C120J1HACTU</field>
      </fields>
      <libsource lib="Device" part="C_Small" description="Unpolarized capacitor, small symbol"/>
      <sheetpath names="/" tstamps="/"/>
      <tstamp>5DB586FD</tstamp>
    </comp>
    <comp ref="C22">
      <value>10 uF</value>
      <footprint>Capacitor_SMD:C_0805_2012Metric_Pad1.15x1.40mm_HandSolder</footprint>
      <datasheet>~</datasheet>
      <fields>
        <field name="Mouser">81-GRM21BC81C106KE5L</field>
      </fields>
      <libsource lib="Device" part="C_Small" description="Unpolarized capacitor, small symbol"/>
      <sheetpath names="/" tstamps="/"/>
      <tstamp>5DB97FF1</tstamp>
    </comp>
    <comp ref="R2">
      <value>3.3 R</value>
      <footprint>Resistor_SMD:R_0603_1608Metric_Pad1.05x0.95mm_HandSolder</footprint>
      <datasheet>~</datasheet>
      <fields>
        <field name="Mouser">652-CR0603-J/-3R3ELF</field>
      </fields>
      <libsource lib="Device" part="R_Small" description="Resistor, small symbol"/>
      <sheetpath names="/" tstamps="/"/>
      <tstamp>5DBA210E</tstamp>
    </comp>
    <comp ref="R1">
      <value>3.3 R</value>
      <footprint>Resistor_SMD:R_0603_1608Metric_Pad1.05x0.95mm_HandSolder</footprint>
      <datasheet>~</datasheet>
      <fields>
        <field name="Mouser">652-CR0603-J/-3R3ELF</field>
      </fields>
      <libsource lib="Device" part="R_Small" description="Resistor, small symbol"/>
      <sheetpath names="/" tstamps="/"/>
      <tstamp>5DBA2584</tstamp>
    </comp>
    <comp ref="C1">
      <value>100 pF</value>
      <footprint>Capacitor_SMD:C_0603_1608Metric_Pad1.05x0.95mm_HandSolder</footprint>
      <datasheet>~</datasheet>
      <fields>
        <field name="Mouser">791-RF18N101J500CT</field>
      </fields>
      <libsource lib="Device" part="C_Small" description="Unpolarized capacitor, small symbol"/>
      <sheetpath names="/" tstamps="/"/>
      <tstamp>5DBA677E</tstamp>
    </comp>
    <comp ref="C2">
      <value>100 pF</value>
      <footprint>Capacitor_SMD:C_0603_1608Metric_Pad1.05x0.95mm_HandSolder</footprint>
      <datasheet>~</datasheet>
      <fields>
        <field name="Mouser">791-RF18N101J500CT</field>
      </fields>
      <libsource lib="Device" part="C_Small" description="Unpolarized capacitor, small symbol"/>
      <sheetpath names="/" tstamps="/"/>
      <tstamp>5DBA6CB3</tstamp>
    </comp>
    <comp ref="C3">
      <value>100 pF</value>
      <footprint>Capacitor_SMD:C_0603_1608Metric_Pad1.05x0.95mm_HandSolder</footprint>
      <datasheet>~</datasheet>
      <fields>
        <field name="Mouser">791-RF18N101J500CT</field>
      </fields>
      <libsource lib="Device" part="C_Small" description="Unpolarized capacitor, small symbol"/>
      <sheetpath names="/" tstamps="/"/>
      <tstamp>5DBA730A</tstamp>
    </comp>
    <comp ref="C4">
      <value>100 pF</value>
      <footprint>Capacitor_SMD:C_0603_1608Metric_Pad1.05x0.95mm_HandSolder</footprint>
      <datasheet>~</datasheet>
      <fields>
        <field name="Mouser">791-RF18N101J500CT</field>
      </fields>
      <libsource lib="Device" part="C_Small" description="Unpolarized capacitor, small symbol"/>
      <sheetpath names="/" tstamps="/"/>
      <tstamp>5DBA774C</tstamp>
    </comp>
    <comp ref="C5">
      <value>10 nF</value>
      <footprint>Capacitor_SMD:C_0402_1005Metric</footprint>
      <datasheet>~</datasheet>
      <fields>
        <field name="Mouser"> 80-C0402C103K4R7411 </field>
      </fields>
      <libsource lib="Device" part="C_Small" description="Unpolarized capacitor, small symbol"/>
      <sheetpath names="/" tstamps="/"/>
      <tstamp>5DBA7D2A</tstamp>
    </comp>
    <comp ref="C6">
      <value>10 nF</value>
      <footprint>Capacitor_SMD:C_0402_1005Metric</footprint>
      <datasheet>~</datasheet>
      <fields>
        <field name="Mouser"> 80-C0402C103K4R7411 </field>
      </fields>
      <libsource lib="Device" part="C_Small" description="Unpolarized capacitor, small symbol"/>
      <sheetpath names="/" tstamps="/"/>
      <tstamp>5DBA8157</tstamp>
    </comp>
    <comp ref="C10">
      <value>100 pF</value>
      <footprint>Capacitor_SMD:C_0603_1608Metric_Pad1.05x0.95mm_HandSolder</footprint>
      <datasheet>~</datasheet>
      <fields>
        <field name="Mouser">791-RF18N101J500CT</field>
      </fields>
      <libsource lib="Device" part="C_Small" description="Unpolarized capacitor, small symbol"/>
      <sheetpath names="/" tstamps="/"/>
      <tstamp>5DBAB437</tstamp>
    </comp>
    <comp ref="C11">
      <value>100 pF</value>
      <footprint>Capacitor_SMD:C_0603_1608Metric_Pad1.05x0.95mm_HandSolder</footprint>
      <datasheet>~</datasheet>
      <fields>
        <field name="Mouser">791-RF18N101J500CT</field>
      </fields>
      <libsource lib="Device" part="C_Small" description="Unpolarized capacitor, small symbol"/>
      <sheetpath names="/" tstamps="/"/>
      <tstamp>5DBAB43D</tstamp>
    </comp>
    <comp ref="C12">
      <value>10 nF</value>
      <footprint>Capacitor_SMD:C_0402_1005Metric</footprint>
      <datasheet>~</datasheet>
      <fields>
        <field name="Mouser"> 80-C0402C103K4R7411 </field>
      </fields>
      <libsource lib="Device" part="C_Small" description="Unpolarized capacitor, small symbol"/>
      <sheetpath names="/" tstamps="/"/>
      <tstamp>5DBB96A8</tstamp>
    </comp>
    <comp ref="C13">
      <value>10 nF</value>
      <footprint>Capacitor_SMD:C_0402_1005Metric</footprint>
      <datasheet>~</datasheet>
      <fields>
        <field name="Mouser"> 80-C0402C103K4R7411 </field>
      </fields>
      <libsource lib="Device" part="C_Small" description="Unpolarized capacitor, small symbol"/>
      <sheetpath names="/" tstamps="/"/>
      <tstamp>5DBB96AE</tstamp>
    </comp>
    <comp ref="R15">
      <value>TBD</value>
      <footprint>Resistor_SMD:R_0402_1005Metric</footprint>
      <datasheet>~</datasheet>
      <fields>
        <field name="Mouser">NoPart</field>
      </fields>
      <libsource lib="Device" part="R_Small" description="Resistor, small symbol"/>
      <sheetpath names="/" tstamps="/"/>
      <tstamp>5DC62EA0</tstamp>
    </comp>
    <comp ref="C8">
      <value>0.1 uF</value>
      <footprint>Capacitor_SMD:C_0402_1005Metric</footprint>
      <datasheet>~</datasheet>
      <fields>
        <field name="Mouser">80-C0402C104M4P</field>
      </fields>
      <libsource lib="Device" part="C_Small" description="Unpolarized capacitor, small symbol"/>
      <sheetpath names="/" tstamps="/"/>
      <tstamp>5DC81DAC</tstamp>
    </comp>
    <comp ref="C9">
      <value>0.1 uF</value>
      <footprint>Capacitor_SMD:C_0402_1005Metric</footprint>
      <datasheet>~</datasheet>
      <fields>
        <field name="Mouser">80-C0402C104M4P</field>
      </fields>
      <libsource lib="Device" part="C_Small" description="Unpolarized capacitor, small symbol"/>
      <sheetpath names="/" tstamps="/"/>
      <tstamp>5DC81DB2</tstamp>
    </comp>
    <comp ref="R18">
      <value>4k7 R</value>
      <footprint>Resistor_SMD:R_0402_1005Metric</footprint>
      <datasheet>~</datasheet>
      <fields>
        <field name="Mouser">603-AC0402FR-134K7L</field>
      </fields>
      <libsource lib="Device" part="R_Small" description="Resistor, small symbol"/>
      <sheetpath names="/" tstamps="/"/>
      <tstamp>5DCB190E</tstamp>
    </comp>
    <comp ref="C21">
      <value>10 nF</value>
      <footprint>Capacitor_SMD:C_0402_1005Metric</footprint>
      <datasheet>~</datasheet>
      <fields>
        <field name="Mouser"> 80-C0402C103K4R7411 </field>
      </fields>
      <libsource lib="Device" part="C_Small" description="Unpolarized capacitor, small symbol"/>
      <sheetpath names="/" tstamps="/"/>
      <tstamp>5DCC1ECE</tstamp>
    </comp>
    <comp ref="L17">
      <value>3.9 nH</value>
      <footprint>Capacitor_SMD:C_0402_1005Metric</footprint>
      <datasheet>~</datasheet>
      <fields>
        <field name="Mouser">81-LQG15HS3N9C02D</field>
      </fields>
      <libsource lib="Device" part="L_Small" description="Inductor, small symbol"/>
      <sheetpath names="/" tstamps="/"/>
      <tstamp>5DD0C7AE</tstamp>
    </comp>
    <comp ref="L16">
      <value>3.9 nH</value>
      <footprint>Capacitor_SMD:C_0402_1005Metric</footprint>
      <datasheet>~</datasheet>
      <fields>
        <field name="Mouser">81-LQG15HS3N9C02D</field>
      </fields>
      <libsource lib="Device" part="L_Small" description="Inductor, small symbol"/>
      <sheetpath names="/" tstamps="/"/>
      <tstamp>5DD0CDBF</tstamp>
    </comp>
    <comp ref="R17">
      <value>470 R</value>
      <footprint>Resistor_SMD:R_0402_1005Metric</footprint>
      <datasheet>~</datasheet>
      <fields>
        <field name="Mouser">603-RC0402JR-13470RL</field>
      </fields>
      <libsource lib="Device" part="R_Small" description="Resistor, small symbol"/>
      <sheetpath names="/" tstamps="/"/>
      <tstamp>5DD1BC48</tstamp>
    </comp>
    <comp ref="R16">
      <value>470 R</value>
      <footprint>Resistor_SMD:R_0402_1005Metric</footprint>
      <datasheet>~</datasheet>
      <fields>
        <field name="Mouser">603-RC0402JR-13470RL</field>
      </fields>
      <libsource lib="Device" part="R_Small" description="Resistor, small symbol"/>
      <sheetpath names="/" tstamps="/"/>
      <tstamp>5DD1D892</tstamp>
    </comp>
    <comp ref="R4">
      <value>470 R</value>
      <footprint>Resistor_SMD:R_0402_1005Metric</footprint>
      <datasheet>~</datasheet>
      <fields>
        <field name="Mouser">603-RC0402JR-13470RL</field>
      </fields>
      <libsource lib="Device" part="R_Small" description="Resistor, small symbol"/>
      <sheetpath names="/" tstamps="/"/>
      <tstamp>5DD9A111</tstamp>
    </comp>
    <comp ref="R6">
      <value>470 R</value>
      <footprint>Resistor_SMD:R_0402_1005Metric</footprint>
      <datasheet>~</datasheet>
      <fields>
        <field name="Mouser">603-RC0402JR-13470RL</field>
      </fields>
      <libsource lib="Device" part="R_Small" description="Resistor, small symbol"/>
      <sheetpath names="/" tstamps="/"/>
      <tstamp>5DD9A7E9</tstamp>
    </comp>
    <comp ref="R8">
      <value>470 R</value>
      <footprint>Resistor_SMD:R_0402_1005Metric</footprint>
      <datasheet>~</datasheet>
      <fields>
        <field name="Mouser">603-RC0402JR-13470RL</field>
      </fields>
      <libsource lib="Device" part="R_Small" description="Resistor, small symbol"/>
      <sheetpath names="/" tstamps="/"/>
      <tstamp>5DDD1CA3</tstamp>
    </comp>
    <comp ref="R9">
      <value>470 R</value>
      <footprint>Resistor_SMD:R_0402_1005Metric</footprint>
      <datasheet>~</datasheet>
      <fields>
        <field name="Mouser">603-RC0402JR-13470RL</field>
      </fields>
      <libsource lib="Device" part="R_Small" description="Resistor, small symbol"/>
      <sheetpath names="/" tstamps="/"/>
      <tstamp>5DDF9A4C</tstamp>
    </comp>
    <comp ref="R10">
      <value>470 R</value>
      <footprint>Resistor_SMD:R_0402_1005Metric</footprint>
      <datasheet>~</datasheet>
      <fields>
        <field name="Mouser">603-RC0402JR-13470RL</field>
      </fields>
      <libsource lib="Device" part="R_Small" description="Resistor, small symbol"/>
      <sheetpath names="/" tstamps="/"/>
      <tstamp>5DDF9D4A</tstamp>
    </comp>
    <comp ref="X1">
      <value>ECS-5032MV-100-BN-TR</value>
      <footprint>Oscillator:Oscillator_SMD_SeikoEpson_SG8002LB-4Pin_5.0x3.2mm_HandSoldering</footprint>
      <fields>
        <field name="Mouser">520-5032MV-100-BNT</field>
      </fields>
      <libsource lib="Oscillator" part="ECS-2520MV-xxx-xx" description="HCMOS Crystal Clock Oscillator, 2.5x2.0 mm SMD"/>
      <sheetpath names="/" tstamps="/"/>
      <tstamp>5DE2B7CD</tstamp>
    </comp>
    <comp ref="C7">
      <value>0.1 uF</value>
      <footprint>Capacitor_SMD:C_0402_1005Metric</footprint>
      <datasheet>~</datasheet>
      <fields>
        <field name="Mouser">80-C0402C104M4P</field>
      </fields>
      <libsource lib="Device" part="C_Small" description="Unpolarized capacitor, small symbol"/>
      <sheetpath names="/" tstamps="/"/>
      <tstamp>5DE4344E</tstamp>
    </comp>
    <comp ref="TP1">
      <value>-</value>
      <footprint>TestPoint:TestPoint_Pad_D1.0mm</footprint>
      <datasheet>~</datasheet>
      <fields>
        <field name="Mouser">NoPart</field>
      </fields>
      <libsource lib="Connector" part="TestPoint" description="test point"/>
      <sheetpath names="/" tstamps="/"/>
      <tstamp>5DE6EE49</tstamp>
    </comp>
    <comp ref="TP2">
      <value>-</value>
      <footprint>TestPoint:TestPoint_Pad_D1.0mm</footprint>
      <datasheet>~</datasheet>
      <fields>
        <field name="Mouser">NoPart</field>
      </fields>
      <libsource lib="Connector" part="TestPoint" description="test point"/>
      <sheetpath names="/" tstamps="/"/>
      <tstamp>5DE93CCA</tstamp>
    </comp>
    <comp ref="TP5">
      <value>-</value>
      <footprint>TestPoint:TestPoint_Pad_D1.0mm</footprint>
      <datasheet>~</datasheet>
      <fields>
        <field name="Mouser">NoPart</field>
      </fields>
      <libsource lib="Connector" part="TestPoint" description="test point"/>
      <sheetpath names="/" tstamps="/"/>
      <tstamp>5DE9428F</tstamp>
    </comp>
    <comp ref="TP3">
      <value>-</value>
      <footprint>TestPoint:TestPoint_Pad_D1.0mm</footprint>
      <datasheet>~</datasheet>
      <fields>
        <field name="Mouser">NoPart</field>
      </fields>
      <libsource lib="Connector" part="TestPoint" description="test point"/>
      <sheetpath names="/" tstamps="/"/>
      <tstamp>5DE94CF9</tstamp>
    </comp>
    <comp ref="TP6">
      <value>-</value>
      <footprint>TestPoint:TestPoint_Pad_D1.0mm</footprint>
      <datasheet>~</datasheet>
      <fields>
        <field name="Mouser">NoPart</field>
      </fields>
      <libsource lib="Connector" part="TestPoint" description="test point"/>
      <sheetpath names="/" tstamps="/"/>
      <tstamp>5DE95014</tstamp>
    </comp>
    <comp ref="TP4">
      <value>-</value>
      <footprint>TestPoint:TestPoint_Pad_D1.0mm</footprint>
      <datasheet>~</datasheet>
      <fields>
        <field name="Mouser">NoPart</field>
      </fields>
      <libsource lib="Connector" part="TestPoint" description="test point"/>
      <sheetpath names="/" tstamps="/"/>
      <tstamp>5DE95359</tstamp>
    </comp>
    <comp ref="R3">
      <value>0 R</value>
      <footprint>Resistor_SMD:R_0402_1005Metric</footprint>
      <datasheet>~</datasheet>
      <fields>
        <field name="Mouser">71-CRCW04020000Z0EDC</field>
      </fields>
      <libsource lib="Device" part="R_Small" description="Resistor, small symbol"/>
      <sheetpath names="/" tstamps="/"/>
      <tstamp>5DEDF06D</tstamp>
    </comp>
    <comp ref="R7">
      <value>0 R</value>
      <footprint>Resistor_SMD:R_0402_1005Metric</footprint>
      <datasheet>~</datasheet>
      <fields>
        <field name="Mouser">71-CRCW04020000Z0EDC</field>
      </fields>
      <libsource lib="Device" part="R_Small" description="Resistor, small symbol"/>
      <sheetpath names="/" tstamps="/"/>
      <tstamp>5DEDF5AB</tstamp>
    </comp>
    <comp ref="R12">
      <value>TBD</value>
      <footprint>Resistor_SMD:R_0402_1005Metric</footprint>
      <datasheet>~</datasheet>
      <fields>
        <field name="Mouser">NoPart</field>
      </fields>
      <libsource lib="Device" part="R_Small" description="Resistor, small symbol"/>
      <sheetpath names="/" tstamps="/"/>
      <tstamp>5DF5FE2E</tstamp>
    </comp>
    <comp ref="R11">
      <value>TBD</value>
      <footprint>Resistor_SMD:R_0402_1005Metric</footprint>
      <datasheet>~</datasheet>
      <fields>
        <field name="Mouser">NoPart</field>
      </fields>
      <libsource lib="Device" part="R_Small" description="Resistor, small symbol"/>
      <sheetpath names="/" tstamps="/"/>
      <tstamp>5DF6B89F</tstamp>
    </comp>
    <comp ref="TP7">
      <value>-</value>
      <footprint>TestPoint:TestPoint_Pad_D1.0mm</footprint>
      <datasheet>~</datasheet>
      <fields>
        <field name="Mouser">NoPart</field>
      </fields>
      <libsource lib="Connector" part="TestPoint" description="test point"/>
      <sheetpath names="/" tstamps="/"/>
      <tstamp>5DFDF57E</tstamp>
    </comp>
    <comp ref="J4">
      <value>Conn_01x08</value>
      <footprint>Connector_PinHeader_2.54mm:PinHeader_1x08_P2.54mm_Vertical</footprint>
      <datasheet>~</datasheet>
      <fields>
        <field name="Mouser">NoPart</field>
      </fields>
      <libsource lib="Connector_Generic" part="Conn_01x08" description="Generic connector, single row, 01x08, script generated (kicad-library-utils/schlib/autogen/connector/)"/>
      <sheetpath names="/" tstamps="/"/>
      <tstamp>5DFF84B0</tstamp>
    </comp>
    <comp ref="TP9">
      <value>-</value>
      <footprint>TestPoint:TestPoint_Pad_D1.0mm</footprint>
      <datasheet>~</datasheet>
      <fields>
        <field name="Mouser">NoPart</field>
      </fields>
      <libsource lib="Connector" part="TestPoint" description="test point"/>
      <sheetpath names="/" tstamps="/"/>
      <tstamp>5E0822FA</tstamp>
    </comp>
    <comp ref="TP8">
      <value>-</value>
      <footprint>TestPoint:TestPoint_Pad_D1.0mm</footprint>
      <datasheet>~</datasheet>
      <fields>
        <field name="Mouser">NoPart</field>
      </fields>
      <libsource lib="Connector" part="TestPoint" description="test point"/>
      <sheetpath names="/" tstamps="/"/>
      <tstamp>5E092741</tstamp>
    </comp>
    <comp ref="R5">
      <value>TBD</value>
      <footprint>Resistor_SMD:R_0402_1005Metric</footprint>
      <datasheet>~</datasheet>
      <fields>
        <field name="Mouser">NoPart</field>
      </fields>
      <libsource lib="Device" part="R_Small" description="Resistor, small symbol"/>
      <sheetpath names="/" tstamps="/"/>
      <tstamp>5E0D21F3</tstamp>
    </comp>
    <comp ref="H1">
      <value>MountingHole_Pad</value>
      <footprint>MountingHole:MountingHole_3.2mm_M3_DIN965</footprint>
      <datasheet>~</datasheet>
      <fields>
        <field name="Mouser">NoPart</field>
      </fields>
      <libsource lib="Mechanical" part="MountingHole_Pad" description="Mounting Hole with connection"/>
      <sheetpath names="/" tstamps="/"/>
      <tstamp>5E1EC3F2</tstamp>
    </comp>
    <comp ref="H2">
      <value>MountingHole_Pad</value>
      <footprint>MountingHole:MountingHole_3.2mm_M3_DIN965</footprint>
      <datasheet>~</datasheet>
      <fields>
        <field name="Mouser">NoPart</field>
      </fields>
      <libsource lib="Mechanical" part="MountingHole_Pad" description="Mounting Hole with connection"/>
      <sheetpath names="/" tstamps="/"/>
      <tstamp>5E200292</tstamp>
    </comp>
    <comp ref="H3">
      <value>MountingHole_Pad</value>
      <footprint>MountingHole:MountingHole_3.2mm_M3_DIN965</footprint>
      <datasheet>~</datasheet>
      <fields>
        <field name="Mouser">NoPart</field>
      </fields>
      <libsource lib="Mechanical" part="MountingHole_Pad" description="Mounting Hole with connection"/>
      <sheetpath names="/" tstamps="/"/>
      <tstamp>5E210963</tstamp>
    </comp>
    <comp ref="H4">
      <value>MountingHole_Pad</value>
      <footprint>MountingHole:MountingHole_3.2mm_M3_DIN965</footprint>
      <datasheet>~</datasheet>
      <fields>
        <field name="Mouser">NoPart</field>
      </fields>
      <libsource lib="Mechanical" part="MountingHole_Pad" description="Mounting Hole with connection"/>
      <sheetpath names="/" tstamps="/"/>
      <tstamp>5E220F89</tstamp>
    </comp>
  </components>
  <libparts>
    <libpart lib="Connector" part="Conn_Coaxial">
      <description>coaxial connector (BNC, SMA, SMB, SMC, Cinch/RCA, ...)</description>
      <docs> ~</docs>
      <footprints>
        <fp>*BNC*</fp>
        <fp>*SMA*</fp>
        <fp>*SMB*</fp>
        <fp>*SMC*</fp>
        <fp>*Cinch*</fp>
      </footprints>
      <fields>
        <field name="Reference">J</field>
        <field name="Value">Conn_Coaxial</field>
      </fields>
      <pins>
        <pin num="1" name="In" type="passive"/>
        <pin num="2" name="Ext" type="passive"/>
      </pins>
    </libpart>
    <libpart lib="Connector" part="TestPoint">
      <description>test point</description>
      <docs>~</docs>
      <footprints>
        <fp>Pin*</fp>
        <fp>Test*</fp>
      </footprints>
      <fields>
        <field name="Reference">TP</field>
        <field name="Value">TestPoint</field>
      </fields>
      <pins>
        <pin num="1" name="1" type="passive"/>
      </pins>
    </libpart>
    <libpart lib="Connector_Generic" part="Conn_01x01">
      <description>Generic connector, single row, 01x01, script generated (kicad-library-utils/schlib/autogen/connector/)</description>
      <docs>~</docs>
      <footprints>
        <fp>Connector*:*_1x??_*</fp>
      </footprints>
      <fields>
        <field name="Reference">J</field>
        <field name="Value">Conn_01x01</field>
      </fields>
      <pins>
        <pin num="1" name="Pin_1" type="passive"/>
      </pins>
    </libpart>
    <libpart lib="Connector_Generic" part="Conn_01x08">
      <description>Generic connector, single row, 01x08, script generated (kicad-library-utils/schlib/autogen/connector/)</description>
      <docs>~</docs>
      <footprints>
        <fp>Connector*:*_1x??_*</fp>
      </footprints>
      <fields>
        <field name="Reference">J</field>
        <field name="Value">Conn_01x08</field>
      </fields>
      <pins>
        <pin num="1" name="Pin_1" type="passive"/>
        <pin num="2" name="Pin_2" type="passive"/>
        <pin num="3" name="Pin_3" type="passive"/>
        <pin num="4" name="Pin_4" type="passive"/>
        <pin num="5" name="Pin_5" type="passive"/>
        <pin num="6" name="Pin_6" type="passive"/>
        <pin num="7" name="Pin_7" type="passive"/>
        <pin num="8" name="Pin_8" type="passive"/>
      </pins>
    </libpart>
    <libpart lib="Device" part="C_Small">
      <description>Unpolarized capacitor, small symbol</description>
      <docs>~</docs>
      <footprints>
        <fp>C_*</fp>
      </footprints>
      <fields>
        <field name="Reference">C</field>
        <field name="Value">C_Small</field>
      </fields>
      <pins>
        <pin num="1" name="~" type="passive"/>
        <pin num="2" name="~" type="passive"/>
      </pins>
    </libpart>
    <libpart lib="Device" part="L_Small">
      <description>Inductor, small symbol</description>
      <docs>~</docs>
      <footprints>
        <fp>Choke_*</fp>
        <fp>*Coil*</fp>
        <fp>Inductor_*</fp>
        <fp>L_*</fp>
      </footprints>
      <fields>
        <field name="Reference">L</field>
        <field name="Value">L_Small</field>
      </fields>
      <pins>
        <pin num="1" name="~" type="passive"/>
        <pin num="2" name="~" type="passive"/>
      </pins>
    </libpart>
    <libpart lib="Device" part="R_Small">
      <description>Resistor, small symbol</description>
      <docs>~</docs>
      <footprints>
        <fp>R_*</fp>
      </footprints>
      <fields>
        <field name="Reference">R</field>
        <field name="Value">R_Small</field>
      </fields>
      <pins>
        <pin num="1" name="~" type="passive"/>
        <pin num="2" name="~" type="passive"/>
      </pins>
    </libpart>
    <libpart lib="Mechanical" part="MountingHole_Pad">
      <description>Mounting Hole with connection</description>
      <docs>~</docs>
      <footprints>
        <fp>MountingHole*Pad*</fp>
      </footprints>
      <fields>
        <field name="Reference">H</field>
        <field name="Value">MountingHole_Pad</field>
      </fields>
      <pins>
        <pin num="1" name="1" type="input"/>
      </pins>
    </libpart>
    <libpart lib="Oscillator" part="ECS-2520MV-xxx-xx">
      <description>HCMOS Crystal Clock Oscillator, 2.5x2.0 mm SMD</description>
      <docs>https://www.ecsxtal.com/store/pdf/ECS-2520MV.pdf</docs>
      <footprints>
        <fp>Oscillator*SMD*ECS*2520MV*2.5x2.0mm*</fp>
      </footprints>
      <fields>
        <field name="Reference">X</field>
        <field name="Value">ECS-2520MV-xxx-xx</field>
        <field name="Footprint">Oscillator:Oscillator_SMD_ECS_2520MV-xxx-xx-4Pin_2.5x2.0mm</field>
      </fields>
      <pins>
        <pin num="1" name="Tri-State" type="input"/>
        <pin num="2" name="GND" type="power_in"/>
        <pin num="3" name="OUT" type="output"/>
        <pin num="4" name="VDD" type="power_in"/>
      </pins>
    </libpart>
    <libpart lib="discrete-parts" part="ADF4360-7BCPZRL7">
      <aliases>
        <alias>ADF4360-7BCPZ</alias>
        <alias>ADF4360-7BCPZRL</alias>
      </aliases>
      <description>Phase Locked Loops - PLL Intg Integer-N VCO Out Freq 350-1800</description>
      <fields>
        <field name="Reference">U</field>
        <field name="Value">ADF4360-7BCPZRL7</field>
        <field name="Mouser">584-ADF4360-7BCPZR7</field>
      </fields>
      <pins>
        <pin num="0" name="EP" type="passive"/>
        <pin num="1" name="CPGND" type="passive"/>
        <pin num="2" name="AVDD" type="power_in"/>
        <pin num="3" name="AGND" type="passive"/>
        <pin num="4" name="RFOUTA" type="output"/>
        <pin num="5" name="RFOUTB" type="output"/>
        <pin num="6" name="VVCO" type="power_in"/>
        <pin num="7" name="VTUNE" type="input"/>
        <pin num="8" name="AGND" type="passive"/>
        <pin num="9" name="L1" type="passive"/>
        <pin num="10" name="L2" type="passive"/>
        <pin num="11" name="AGND" type="passive"/>
        <pin num="12" name="CC" type="passive"/>
        <pin num="13" name="RSET" type="passive"/>
        <pin num="14" name="CN" type="passive"/>
        <pin num="15" name="DGND" type="passive"/>
        <pin num="16" name="REFIN" type="input"/>
        <pin num="17" name="CLK" type="input"/>
        <pin num="18" name="DATA" type="input"/>
        <pin num="19" name="LE" type="input"/>
        <pin num="20" name="MUXOUT" type="output"/>
        <pin num="21" name="DVDD" type="power_in"/>
        <pin num="22" name="AGND" type="passive"/>
        <pin num="23" name="CE" type="input"/>
        <pin num="24" name="CP" type="output"/>
      </pins>
    </libpart>
    <libpart lib="discrete-parts" part="BAT15-099R">
      <fields>
        <field name="Reference">U</field>
        <field name="Value">BAT15-099R</field>
        <field name="Mouser">726-BAT15099RE6327</field>
      </fields>
      <pins>
        <pin num="1" name="A" type="passive"/>
        <pin num="2" name="B" type="passive"/>
        <pin num="3" name="C" type="passive"/>
        <pin num="4" name="D" type="passive"/>
      </pins>
    </libpart>
    <libpart lib="discrete-parts" part="HHM17147A1">
      <description>Signal Conditioning Multilyer Balun 673-2700MHz 100 ohms</description>
      <fields>
        <field name="Reference">T</field>
        <field name="Value">HHM17147A1</field>
        <field name="Mouser">810-HHM17147A1</field>
      </fields>
      <pins>
        <pin num="1" name="SINGLE" type="passive"/>
        <pin num="2" name="COMMON" type="passive"/>
        <pin num="3" name="+" type="passive"/>
        <pin num="4" name="-" type="passive"/>
        <pin num="5" name="GND" type="passive"/>
        <pin num="6" name="NC" type="NotConnected"/>
      </pins>
    </libpart>
  </libparts>
  <libraries>
    <library logical="Connector">
      <uri>/usr/share/kicad/library/Connector.lib</uri>
    </library>
    <library logical="Connector_Generic">
      <uri>/usr/share/kicad/library/Connector_Generic.lib</uri>
    </library>
    <library logical="Device">
      <uri>/usr/share/kicad/library/Device.lib</uri>
    </library>
    <library logical="Mechanical">
      <uri>/usr/share/kicad/library/Mechanical.lib</uri>
    </library>
    <library logical="Oscillator">
      <uri>/usr/share/kicad/library/Oscillator.lib</uri>
    </library>
    <library logical="discrete-parts">
      <uri>/home/kelvin/src/ism-915mhz-transceiver/pcb/discrete/test-mixer/../discrete-rf-board/discrete-parts.lib</uri>
    </library>
  </libraries>
  <nets>
    <net code="1" name="Net-(L17-Pad1)">
      <node ref="U1" pin="10"/>
      <node ref="R17" pin="1"/>
      <node ref="L17" pin="1"/>
    </net>
    <net code="2" name="Net-(L16-Pad1)">
      <node ref="R16" pin="1"/>
      <node ref="U1" pin="9"/>
      <node ref="L16" pin="1"/>
    </net>
    <net code="3" name="Net-(R18-Pad1)">
      <node ref="U1" pin="13"/>
      <node ref="R18" pin="1"/>
    </net>
    <net code="4" name="GND">
      <node ref="J4" pin="8"/>
      <node ref="H1" pin="1"/>
      <node ref="H4" pin="1"/>
      <node ref="H2" pin="1"/>
      <node ref="H3" pin="1"/>
      <node ref="C7" pin="2"/>
      <node ref="C6" pin="2"/>
      <node ref="C10" pin="2"/>
      <node ref="C11" pin="2"/>
      <node ref="T1" pin="2"/>
      <node ref="C19" pin="2"/>
      <node ref="C5" pin="2"/>
      <node ref="U1" pin="0"/>
      <node ref="C18" pin="2"/>
      <node ref="C20" pin="2"/>
      <node ref="C4" pin="2"/>
      <node ref="U1" pin="3"/>
      <node ref="U1" pin="8"/>
      <node ref="T2" pin="5"/>
      <node ref="U1" pin="1"/>
      <node ref="U1" pin="11"/>
      <node ref="U1" pin="15"/>
      <node ref="U1" pin="22"/>
      <node ref="J3" pin="2"/>
      <node ref="C1" pin="2"/>
      <node ref="C2" pin="2"/>
      <node ref="C3" pin="2"/>
      <node ref="C12" pin="2"/>
      <node ref="C13" pin="2"/>
      <node ref="C8" pin="2"/>
      <node ref="C9" pin="2"/>
      <node ref="C21" pin="2"/>
      <node ref="R18" pin="2"/>
      <node ref="X1" pin="2"/>
      <node ref="L17" pin="2"/>
      <node ref="R17" pin="2"/>
      <node ref="L16" pin="2"/>
      <node ref="R16" pin="2"/>
    </net>
    <net code="5" name="Net-(C21-Pad1)">
      <node ref="U1" pin="12"/>
      <node ref="C21" pin="1"/>
    </net>
    <net code="6" name="Net-(R6-Pad2)">
      <node ref="TP5" pin="1"/>
      <node ref="R6" pin="2"/>
      <node ref="U1" pin="18"/>
    </net>
    <net code="7" name="Net-(J4-Pad6)">
      <node ref="J4" pin="6"/>
      <node ref="R9" pin="1"/>
    </net>
    <net code="8" name="Net-(J4-Pad7)">
      <node ref="R10" pin="1"/>
      <node ref="J4" pin="7"/>
    </net>
    <net code="9" name="Net-(X1-Pad1)">
      <node ref="X1" pin="1"/>
    </net>
    <net code="10" name="Net-(J4-Pad3)">
      <node ref="J4" pin="3"/>
      <node ref="R4" pin="1"/>
    </net>
    <net code="11" name="Net-(L14-Pad2)">
      <node ref="R15" pin="1"/>
      <node ref="TP9" pin="1"/>
      <node ref="R11" pin="1"/>
      <node ref="L15" pin="2"/>
      <node ref="L14" pin="2"/>
    </net>
    <net code="12" name="/+3V3">
      <node ref="U1" pin="21"/>
      <node ref="X1" pin="4"/>
      <node ref="J4" pin="1"/>
      <node ref="J4" pin="2"/>
      <node ref="C9" pin="1"/>
      <node ref="C8" pin="1"/>
      <node ref="R1" pin="1"/>
      <node ref="R2" pin="1"/>
      <node ref="C7" pin="1"/>
    </net>
    <net code="13" name="Net-(L13-Pad2)">
      <node ref="R12" pin="2"/>
      <node ref="L13" pin="2"/>
      <node ref="TP8" pin="1"/>
      <node ref="R15" pin="2"/>
    </net>
    <net code="14" name="Net-(J1-Pad2)">
      <node ref="L9" pin="1"/>
      <node ref="J1" pin="2"/>
      <node ref="R7" pin="2"/>
    </net>
    <net code="15" name="/RF">
      <node ref="T2" pin="1"/>
      <node ref="J3" pin="1"/>
    </net>
    <net code="16" name="Net-(R4-Pad2)">
      <node ref="TP2" pin="1"/>
      <node ref="U1" pin="17"/>
      <node ref="R4" pin="2"/>
    </net>
    <net code="17" name="Net-(R8-Pad2)">
      <node ref="U1" pin="19"/>
      <node ref="R8" pin="2"/>
      <node ref="TP3" pin="1"/>
    </net>
    <net code="18" name="Net-(R9-Pad2)">
      <node ref="U1" pin="20"/>
      <node ref="R9" pin="2"/>
      <node ref="TP6" pin="1"/>
    </net>
    <net code="19" name="Net-(R10-Pad2)">
      <node ref="U1" pin="23"/>
      <node ref="TP4" pin="1"/>
      <node ref="R10" pin="2"/>
    </net>
    <net code="20" name="Net-(TP1-Pad1)">
      <node ref="U1" pin="16"/>
      <node ref="TP1" pin="1"/>
      <node ref="X1" pin="3"/>
    </net>
    <net code="21" name="Net-(J5-Pad1)">
      <node ref="J5" pin="1"/>
      <node ref="R11" pin="2"/>
    </net>
    <net code="22" name="Net-(J6-Pad1)">
      <node ref="R12" pin="1"/>
      <node ref="J6" pin="1"/>
    </net>
    <net code="23" name="Net-(J4-Pad4)">
      <node ref="J4" pin="4"/>
      <node ref="R6" pin="1"/>
    </net>
    <net code="24" name="Net-(J4-Pad5)">
      <node ref="R8" pin="1"/>
      <node ref="J4" pin="5"/>
    </net>
    <net code="25" name="Net-(J2-Pad2)">
      <node ref="R5" pin="2"/>
      <node ref="T2" pin="3"/>
      <node ref="L12" pin="2"/>
      <node ref="J2" pin="2"/>
    </net>
    <net code="26" name="Net-(L13-Pad1)">
      <node ref="T2" pin="2"/>
      <node ref="L13" pin="1"/>
    </net>
    <net code="27" name="Net-(J2-Pad1)">
      <node ref="J2" pin="1"/>
      <node ref="R5" pin="1"/>
      <node ref="T2" pin="4"/>
      <node ref="L7" pin="2"/>
    </net>
    <net code="28" name="Net-(J1-Pad1)">
      <node ref="L4" pin="1"/>
      <node ref="R3" pin="1"/>
      <node ref="J1" pin="1"/>
    </net>
    <net code="29" name="Net-(C14-Pad2)">
      <node ref="C14" pin="2"/>
      <node ref="L3" pin="1"/>
    </net>
    <net code="30" name="Net-(C17-Pad2)">
      <node ref="L8" pin="1"/>
      <node ref="C17" pin="2"/>
    </net>
    <net code="31" name="Net-(L6-Pad1)">
      <node ref="L6" pin="1"/>
      <node ref="U2" pin="3"/>
    </net>
    <net code="32" name="Net-(C15-Pad1)">
      <node ref="C15" pin="1"/>
      <node ref="L5" pin="1"/>
      <node ref="L4" pin="2"/>
    </net>
    <net code="33" name="Net-(C16-Pad1)">
      <node ref="C16" pin="1"/>
      <node ref="L6" pin="2"/>
      <node ref="L7" pin="1"/>
    </net>
    <net code="34" name="Net-(L11-Pad1)">
      <node ref="L11" pin="1"/>
      <node ref="U2" pin="4"/>
    </net>
    <net code="35" name="Net-(C16-Pad2)">
      <node ref="L11" pin="2"/>
      <node ref="C16" pin="2"/>
      <node ref="L12" pin="1"/>
    </net>
    <net code="36" name="Net-(L5-Pad2)">
      <node ref="L5" pin="2"/>
      <node ref="U2" pin="2"/>
    </net>
    <net code="37" name="Net-(L10-Pad2)">
      <node ref="U2" pin="1"/>
      <node ref="L10" pin="2"/>
    </net>
    <net code="38" name="Net-(C15-Pad2)">
      <node ref="L9" pin="2"/>
      <node ref="L10" pin="1"/>
      <node ref="C15" pin="2"/>
    </net>
    <net code="39" name="/LO_OUT_N">
      <node ref="L2" pin="2"/>
      <node ref="U1" pin="5"/>
      <node ref="C17" pin="1"/>
    </net>
    <net code="40" name="/VVCO_3V3">
      <node ref="C13" pin="1"/>
      <node ref="C22" pin="2"/>
      <node ref="C10" pin="1"/>
      <node ref="C11" pin="1"/>
      <node ref="C12" pin="1"/>
      <node ref="L2" pin="1"/>
      <node ref="L1" pin="1"/>
      <node ref="U1" pin="6"/>
      <node ref="R2" pin="2"/>
    </net>
    <net code="41" name="Net-(T2-Pad6)">
      <node ref="T2" pin="6"/>
    </net>
    <net code="42" name="/LO_BAL_P">
      <node ref="L14" pin="1"/>
      <node ref="R3" pin="2"/>
      <node ref="T1" pin="5"/>
    </net>
    <net code="43" name="/LO_BAL_N">
      <node ref="R7" pin="1"/>
      <node ref="L15" pin="1"/>
      <node ref="T1" pin="1"/>
    </net>
    <net code="44" name="Net-(C22-Pad1)">
      <node ref="C22" pin="1"/>
      <node ref="U1" pin="14"/>
    </net>
    <net code="45" name="Net-(C1-Pad1)">
      <node ref="C5" pin="1"/>
      <node ref="C4" pin="1"/>
      <node ref="C3" pin="1"/>
      <node ref="C6" pin="1"/>
      <node ref="C2" pin="1"/>
      <node ref="C1" pin="1"/>
      <node ref="R1" pin="2"/>
      <node ref="U1" pin="2"/>
    </net>
    <net code="46" name="Net-(C20-Pad1)">
      <node ref="R14" pin="2"/>
      <node ref="C20" pin="1"/>
    </net>
    <net code="47" name="Net-(L3-Pad2)">
      <node ref="T1" pin="4"/>
      <node ref="L3" pin="2"/>
    </net>
    <net code="48" name="Net-(L8-Pad2)">
      <node ref="T1" pin="3"/>
      <node ref="L8" pin="2"/>
    </net>
    <net code="49" name="/LO_OUT_P">
      <node ref="L1" pin="2"/>
      <node ref="C14" pin="1"/>
      <node ref="U1" pin="4"/>
    </net>
    <net code="50" name="Net-(T1-Pad6)">
      <node ref="T1" pin="6"/>
    </net>
    <net code="51" name="Net-(C18-Pad1)">
      <node ref="R14" pin="1"/>
      <node ref="U1" pin="24"/>
      <node ref="C18" pin="1"/>
      <node ref="R13" pin="1"/>
    </net>
    <net code="52" name="Net-(C19-Pad1)">
      <node ref="C19" pin="1"/>
      <node ref="R13" pin="2"/>
      <node ref="U1" pin="7"/>
      <node ref="TP7" pin="1"/>
    </net>
  </nets>
</export>
